1548148055080	mozrunner::runner	INFO	Running command: "F:\\火狐\\firefox.exe" "-marionette" "-headless" "-foreground" "-no-remote" "-profile" "C:\\Users\\92809\\AppData\\Local\\Temp\\rust_mozprofile.6WBPiNiUxtVO"
*** You are running in headless mode.
1548148056028	addons.webextension.screenshots@mozilla.org	WARN	Loading extension 'screenshots@mozilla.org': Reading manifest: Invalid host permission: resource://pdf.js/
1548148056028	addons.webextension.screenshots@mozilla.org	WARN	Loading extension 'screenshots@mozilla.org': Reading manifest: Invalid host permission: about:reader*
1548148063964	Marionette	INFO	Listening on port 51551
1548148063987	Marionette	WARN	TLS certificate errors will be ignored for this session
JavaScript error: https://page.pearvideo.com/webres/v4/js/cm.js?v=4.66, line 41: ReferenceError: $ is not defined
JavaScript error: https://www.pearvideo.com/search.jsp?start=0&k=%E6%80%AA%E5%85%BD, line 125: ReferenceError: $ is not defined
JavaScript error: https://www.pearvideo.com/js/useNextPage.js?v=4.68, line 2: ReferenceError: $ is not defined
console.error: BroadcastService: 
  receivedBroadcastMessage: handler for
  remote-settings/monitor_changes
  threw error:
  Message: Error: Polling for changes failed: NetworkError when attempting to fetch resource..
  Stack:
    remoteSettingsFunction/remoteSettings.pollChanges@resource://services-settings/remote-settings.js:750:13

1548148165411	mozrunner::runner	INFO	Running command: "F:\\火狐\\firefox.exe" "-marionette" "-headless" "-foreground" "-no-remote" "-profile" "C:\\Users\\92809\\AppData\\Local\\Temp\\rust_mozprofile.S28YmhKYkRV4"
*** You are running in headless mode.
1548148166371	addons.webextension.screenshots@mozilla.org	WARN	Loading extension 'screenshots@mozilla.org': Reading manifest: Invalid host permission: resource://pdf.js/
1548148166372	addons.webextension.screenshots@mozilla.org	WARN	Loading extension 'screenshots@mozilla.org': Reading manifest: Invalid host permission: about:reader*
1548148172893	Marionette	INFO	Listening on port 52681
1548148173089	Marionette	WARN	TLS certificate errors will be ignored for this session
console.error: BroadcastService: 
  receivedBroadcastMessage: handler for
  remote-settings/monitor_changes
  threw error:
  Message: Error: Polling for changes failed: NetworkError when attempting to fetch resource..
  Stack:
    remoteSettingsFunction/remoteSettings.pollChanges@resource://services-settings/remote-settings.js:750:13

1548148380450	mozrunner::runner	INFO	Running command: "F:\\火狐\\firefox.exe" "-marionette" "-headless" "-foreground" "-no-remote" "-profile" "C:\\Users\\92809\\AppData\\Local\\Temp\\rust_mozprofile.20VIwPSDYBfo"
*** You are running in headless mode.
1548148381561	addons.webextension.screenshots@mozilla.org	WARN	Loading extension 'screenshots@mozilla.org': Reading manifest: Invalid host permission: resource://pdf.js/
1548148381562	addons.webextension.screenshots@mozilla.org	WARN	Loading extension 'screenshots@mozilla.org': Reading manifest: Invalid host permission: about:reader*
1548148388052	Marionette	INFO	Listening on port 54622
1548148388217	Marionette	WARN	TLS certificate errors will be ignored for this session
JavaScript warning: https://g.alicdn.com/??kissy/k/6.2.4/seed-min.js,kg/global-util/1.0.7/index-min.js,tb/tracker/4.3.12/index.js,kg/tb-nav/2.5.3/index-min.js,secdev/sufei_data/3.3.5/index.js, line 6: Error: WebGL warning: <SetDimensions>: Can't use WebGL in headless mode (https://bugzil.la/1375585).
JavaScript warning: https://g.alicdn.com/??kissy/k/6.2.4/seed-min.js,kg/global-util/1.0.7/index-min.js,tb/tracker/4.3.12/index.js,kg/tb-nav/2.5.3/index-min.js,secdev/sufei_data/3.3.5/index.js, line 6: Error: WebGL warning: <SetDimensions>: Failed to create WebGL context: WebGL creation failed: 
* Can't use WebGL in headless mode (https://bugzil.la/1375585).
console.error: BroadcastService: 
  receivedBroadcastMessage: handler for
  remote-settings/monitor_changes
  threw error:
  Message: Error: Polling for changes failed: NetworkError when attempting to fetch resource..
  Stack:
    remoteSettingsFunction/remoteSettings.pollChanges@resource://services-settings/remote-settings.js:750:13

[Parent 6008, Gecko_IOThread] WARNING: pipe error: 109: file z:/build/build/src/ipc/chromium/src/chrome/common/ipc_channel_win.cc, line 346
1548148511173	mozrunner::runner	INFO	Running command: "F:\\火狐\\firefox.exe" "-marionette" "-headless" "-foreground" "-no-remote" "-profile" "C:\\Users\\92809\\AppData\\Local\\Temp\\rust_mozprofile.aWPtupDjaCDy"
*** You are running in headless mode.
1548148512224	addons.webextension.screenshots@mozilla.org	WARN	Loading extension 'screenshots@mozilla.org': Reading manifest: Invalid host permission: resource://pdf.js/
1548148512225	addons.webextension.screenshots@mozilla.org	WARN	Loading extension 'screenshots@mozilla.org': Reading manifest: Invalid host permission: about:reader*
1548148518909	Marionette	INFO	Listening on port 55979
1548148518921	Marionette	WARN	TLS certificate errors will be ignored for this session
JavaScript warning: http://monitor.szkedun.cn/static/js/app.e30c413f5f0e1dca44f6.js, line 37026: unreachable code after return statement
console.error: BroadcastService: 
  receivedBroadcastMessage: handler for
  remote-settings/monitor_changes
  threw error:
  Message: Error: Polling for changes failed: NetworkError when attempting to fetch resource..
  Stack:
    remoteSettingsFunction/remoteSettings.pollChanges@resource://services-settings/remote-settings.js:750:13

1548148782138	mozrunner::runner	INFO	Running command: "F:\\火狐\\firefox.exe" "-marionette" "-headless" "-foreground" "-no-remote" "-profile" "C:\\Users\\92809\\AppData\\Local\\Temp\\rust_mozprofile.Rw8oH1cUQqPs"
*** You are running in headless mode.
1548148783114	addons.webextension.screenshots@mozilla.org	WARN	Loading extension 'screenshots@mozilla.org': Reading manifest: Invalid host permission: resource://pdf.js/
1548148783115	addons.webextension.screenshots@mozilla.org	WARN	Loading extension 'screenshots@mozilla.org': Reading manifest: Invalid host permission: about:reader*
1548148788978	Marionette	INFO	Listening on port 58457
1548148789318	Marionette	WARN	TLS certificate errors will be ignored for this session
JavaScript error: https://www.pearvideo.com/search_loading.jsp?start=20&k=%E6%80%AA%E5%85%BD&sort=, line 2: ReferenceError: $ is not defined
console.error: BroadcastService: 
  receivedBroadcastMessage: handler for
  remote-settings/monitor_changes
  threw error:
  Message: Error: Polling for changes failed: NetworkError when attempting to fetch resource..
  Stack:
    remoteSettingsFunction/remoteSettings.pollChanges@resource://services-settings/remote-settings.js:750:13

